0 info it worked if it ends with ok
1 verbose cli [ '/usr/local/bin/node',
1 verbose cli   '/usr/local/bin/npm',
1 verbose cli   'install',
1 verbose cli   '-g',
1 verbose cli   'n' ]
2 info using npm@3.10.10
3 info using node@v6.11.0
4 silly loadCurrentTree Starting
5 silly install loadCurrentTree
6 silly install readGlobalPackageData
7 silly fetchPackageMetaData n
8 silly fetchNamedPackageData n
9 silly mapToRegistry name n
10 silly mapToRegistry using default registry
11 silly mapToRegistry registry https://registry.npmjs.org/
12 silly mapToRegistry data Result {
12 silly mapToRegistry   raw: 'n',
12 silly mapToRegistry   scope: null,
12 silly mapToRegistry   escapedName: 'n',
12 silly mapToRegistry   name: 'n',
12 silly mapToRegistry   rawSpec: '',
12 silly mapToRegistry   spec: 'latest',
12 silly mapToRegistry   type: 'tag' }
13 silly mapToRegistry uri https://registry.npmjs.org/n
14 verbose request uri https://registry.npmjs.org/n
15 verbose request no auth needed
16 info attempt registry request try #1 at 5:55:05 PM
17 verbose request id 68bb6cf6fa9a4cee
18 verbose etag W/"5992234c-116ad"
19 verbose lastModified Mon, 14 Aug 2017 22:25:16 GMT
20 http request GET https://registry.npmjs.org/n
21 http 304 https://registry.npmjs.org/n
22 verbose headers { date: 'Wed, 13 Sep 2017 09:55:05 GMT',
22 verbose headers   via: '1.1 varnish',
22 verbose headers   'cache-control': 'max-age=300',
22 verbose headers   etag: 'W/"5992234c-116ad"',
22 verbose headers   age: '15',
22 verbose headers   connection: 'close',
22 verbose headers   'x-served-by': 'cache-sin18027-SIN',
22 verbose headers   'x-cache': 'HIT',
22 verbose headers   'x-cache-hits': '1',
22 verbose headers   'x-timer': 'S1505296506.867492,VS0,VE1',
22 verbose headers   vary: 'Accept-Encoding, Accept' }
23 silly get cb [ 304,
23 silly get   { date: 'Wed, 13 Sep 2017 09:55:05 GMT',
23 silly get     via: '1.1 varnish',
23 silly get     'cache-control': 'max-age=300',
23 silly get     etag: 'W/"5992234c-116ad"',
23 silly get     age: '15',
23 silly get     connection: 'close',
23 silly get     'x-served-by': 'cache-sin18027-SIN',
23 silly get     'x-cache': 'HIT',
23 silly get     'x-cache-hits': '1',
23 silly get     'x-timer': 'S1505296506.867492,VS0,VE1',
23 silly get     vary: 'Accept-Encoding, Accept' } ]
24 verbose etag https://registry.npmjs.org/n from cache
25 verbose get saving n to /Users/jeremytan/.npm/registry.npmjs.org/n/.cache.json
26 verbose correctMkdir /Users/jeremytan/.npm correctMkdir not in flight; initializing
27 silly install normalizeTree
28 silly loadCurrentTree Finishing
29 silly loadIdealTree Starting
30 silly install loadIdealTree
31 silly cloneCurrentTree Starting
32 silly install cloneCurrentTreeToIdealTree
33 silly cloneCurrentTree Finishing
34 silly loadShrinkwrap Starting
35 silly install loadShrinkwrap
36 silly loadShrinkwrap Finishing
37 silly loadAllDepsIntoIdealTree Starting
38 silly install loadAllDepsIntoIdealTree
39 silly resolveWithNewModule n@2.1.8 checking installable status
40 silly cache add args [ 'n', null ]
41 verbose cache add spec n
42 silly cache add parsed spec Result {
42 silly cache add   raw: 'n',
42 silly cache add   scope: null,
42 silly cache add   escapedName: 'n',
42 silly cache add   name: 'n',
42 silly cache add   rawSpec: '',
42 silly cache add   spec: 'latest',
42 silly cache add   type: 'tag' }
43 silly addNamed n@latest
44 verbose addNamed "latest" is being treated as a dist-tag for n
45 info addNameTag [ 'n', 'latest' ]
46 silly mapToRegistry name n
47 silly mapToRegistry using default registry
48 silly mapToRegistry registry https://registry.npmjs.org/
49 silly mapToRegistry data Result {
49 silly mapToRegistry   raw: 'n',
49 silly mapToRegistry   scope: null,
49 silly mapToRegistry   escapedName: 'n',
49 silly mapToRegistry   name: 'n',
49 silly mapToRegistry   rawSpec: '',
49 silly mapToRegistry   spec: 'latest',
49 silly mapToRegistry   type: 'tag' }
50 silly mapToRegistry uri https://registry.npmjs.org/n
51 verbose addNameTag registry:https://registry.npmjs.org/n not in flight; fetching
52 verbose get https://registry.npmjs.org/n not expired, no request
53 silly addNameTag next cb for n with tag latest
54 silly addNamed n@2.1.8
55 verbose addNamed "2.1.8" is a plain semver version for n
56 silly cache afterAdd n@2.1.8
57 verbose afterAdd /Users/jeremytan/.npm/n/2.1.8/package/package.json not in flight; writing
58 verbose correctMkdir /Users/jeremytan/.npm correctMkdir not in flight; initializing
59 verbose afterAdd /Users/jeremytan/.npm/n/2.1.8/package/package.json written
60 silly loadAllDepsIntoIdealTree Finishing
61 silly loadIdealTree Finishing
62 silly currentTree lib
63 silly idealTree lib
63 silly idealTree └── n@2.1.8
64 silly generateActionsToTake Starting
65 silly install generateActionsToTake
66 warn checkPermissions Missing write access to /usr/local/lib/node_modules
67 silly rollbackFailedOptional Starting
68 silly rollbackFailedOptional Finishing
69 silly runTopLevelLifecycles Finishing
70 silly install printInstalled
71 verbose stack Error: EACCES: permission denied, access '/usr/local/lib/node_modules'
71 verbose stack     at Error (native)
72 verbose cwd /Users/jeremytan/Desktop/bootcamp/cna/test/RTS
73 error Darwin 16.6.0
74 error argv "/usr/local/bin/node" "/usr/local/bin/npm" "install" "-g" "n"
75 error node v6.11.0
76 error npm  v3.10.10
77 error path /usr/local/lib/node_modules
78 error code EACCES
79 error errno -13
80 error syscall access
81 error Error: EACCES: permission denied, access '/usr/local/lib/node_modules'
81 error     at Error (native)
81 error  { Error: EACCES: permission denied, access '/usr/local/lib/node_modules'
81 error     at Error (native)
81 error   errno: -13,
81 error   code: 'EACCES',
81 error   syscall: 'access',
81 error   path: '/usr/local/lib/node_modules' }
82 error Please try running this command again as root/Administrator.
83 verbose exit [ -13, true ]
